[2025-02-04T07:23:29.883Z] [INFO] Starting message analysis:
{
  "userMessage": "Hallo. Es ist jetzt 15:27h und stehe an der Haltestelle Universität Südost. Gerade eben kam der Bus 835 Richtung Belsenplatz. Planmäßige Abfahrt 15:24. der daher fuhr langsamer, schaute kurz, machte aber keine Anstalten zu bremsen. Mein Winken wurde seinerseits mit undeutbaren Gesten erwidert. Dann gab er Gas. 5 weitere Fahrgäste und ich sahen uns ungläubig an, dessen was gerade passierte. Das kann so nicht sein. Wir müssen nun auf den nächsten Bus warten. Grüße, Wolfgang Parlings",
  "clientData": {
    "vorname": "WolfgangNachnameParlings",
    "nachname": "Parlings",
    "anrede": ""
  }
}
[2025-02-04T07:23:30.799Z] [INFO] Classification result:
"ja"
[2025-02-04T07:23:30.800Z] [INFO] Text analysis results:
{
  "anonymized_text": "Hallo. Es ist jetzt 15:27h und stehe an der Haltestelle [ANON_ORGANISATION_1]. Gerade eben kam der Bus 835 Richtung [ANON_LOCATION_2]. Planmäßige Abfahrt [ANON_LOCATION_1] der daher fuhr langsamer, schaute kurz, machte aber keine Anstalten zu bremsen. [ANON_PERSON_2] wurde seinerseits mit undeutbaren Gesten erwidert. Dann gab er Gas. 5 weitere Fahrgäste und ich sahen uns ungläubig an, dessen was gerade passierte. Das kann so nicht sein. Wir müssen nun auf den nächsten Bus warten. Grüße, [ANON_PERSON_1]",
  "replacements": {
    "persons": [
      {
        "[ANON_PERSON_1]": "Wolfgang Parlings"
      },
      {
        "[ANON_PERSON_2]": "Mein Winken"
      }
    ],
    "locations": [
      {
        "[ANON_LOCATION_1]": "15:24."
      },
      {
        "[ANON_LOCATION_2]": "Belsenplatz"
      }
    ],
    "organisations": [
      {
        "[ANON_ORGANISATION_1]": "Universität Südost"
      }
    ],
    "dates": [],
    "times": []
  },
  "isComplaintAboutBeingLeftBehind": true
}
[2025-02-04T07:23:30.800Z] [INFO] Placeholder keys:
[
  "[ANON_PERSON_1]",
  "[ANON_PERSON_2]",
  "[ANON_LOCATION_1]",
  "[ANON_LOCATION_2]",
  "[ANON_ORGANISATION_1]"
]
[2025-02-04T07:23:48.620Z] [INFO] AI response generated successfully:
{
  "originalMessage": "Hallo. Es ist jetzt 15:27h und stehe an der Haltestelle Universität Südost. Gerade eben kam der Bus 835 Richtung Belsenplatz. Planmäßige Abfahrt 15:24. der daher fuhr langsamer, schaute kurz, machte aber keine Anstalten zu bremsen. Mein Winken wurde seinerseits mit undeutbaren Gesten erwidert. Dann gab er Gas. 5 weitere Fahrgäste und ich sahen uns ungläubig an, dessen was gerade passierte. Das kann so nicht sein. Wir müssen nun auf den nächsten Bus warten. Grüße, Wolfgang Parlings",
  "aiResponse": "Lieber [ANON_PERSON_1],\n\nvielen Dank für Ihre Nachricht und Ihr Vertrauen, uns Ihr Erlebnis mitzuteilen. Wir bedauern sehr, dass Sie heute um 15:27 Uhr an der Haltestelle [ANON_ORGANISATION_1] nicht vom Bus 835, der in Richtung [ANON_LOCATION_2] unterwegs war, mitgenommen wurden. Es muss äußerst frustrierend gewesen sein, diese Situation zu erleben.\n\nUnsere Fahrerinnen und Fahrer sind angewiesen, alle Haltestellen zu bedienen, an denen Fahrgäste erkennbar warten. Wir verstehen, dass es enttäuschend ist, wenn dies nicht geschieht. Möglicherweise war der Fahrer aufgrund eines Missverständnisses oder wegen eines anderen dienstlichen Erfordernisses nicht in der Lage, an der Haltestelle zu halten. Wir werden diesen Vorfall intern weiterleiten und daran arbeiten, solche Situationen in Zukunft zu vermeiden. \n\nBitte entschuldigen Sie die Unannehmlichkeiten und die Wartezeit auf den nächsten Bus. Ihre Rückmeldung ist uns sehr wichtig und hilft uns, unseren Service kontinuierlich zu verbessern. \n\nWir hoffen, dass Sie bei Ihrer nächsten Fahrt mit unserem Service zufrieden sind und diesen Vorfall nicht mehr erleben müssen. \n\nZukünftig wünschen wir Ihnen wieder eine unbeschwerte Fahrt mit unseren Bussen und Bahnen.\n\nIhr Kundenservice Team der Rheinbahn",
  "clientData": {
    "vorname": "WolfgangNachnameParlings",
    "nachname": "Parlings",
    "anrede": ""
  }
}
[2025-02-04T07:23:48.621Z] [INFO] Final response prepared:
{
  "finalResponse": "Lieber Wolfgang Parlings,\n\nvielen Dank für Ihre Nachricht und Ihr Vertrauen, uns Ihr Erlebnis mitzuteilen. Wir bedauern sehr, dass Sie heute um 15:27 Uhr an der Haltestelle Universität Südost nicht vom Bus 835, der in Richtung Belsenplatz unterwegs war, mitgenommen wurden. Es muss äußerst frustrierend gewesen sein, diese Situation zu erleben.\n\nUnsere Fahrerinnen und Fahrer sind angewiesen, alle Haltestellen zu bedienen, an denen Fahrgäste erkennbar warten. Wir verstehen, dass es enttäuschend ist, wenn dies nicht geschieht. Möglicherweise war der Fahrer aufgrund eines Missverständnisses oder wegen eines anderen dienstlichen Erfordernisses nicht in der Lage, an der Haltestelle zu halten. Wir werden diesen Vorfall intern weiterleiten und daran arbeiten, solche Situationen in Zukunft zu vermeiden. \n\nBitte entschuldigen Sie die Unannehmlichkeiten und die Wartezeit auf den nächsten Bus. Ihre Rückmeldung ist uns sehr wichtig und hilft uns, unseren Service kontinuierlich zu verbessern. \n\nWir hoffen, dass Sie bei Ihrer nächsten Fahrt mit unserem Service zufrieden sind und diesen Vorfall nicht mehr erleben müssen. \n\nZukünftig wünschen wir Ihnen wieder eine unbeschwerte Fahrt mit unseren Bussen und Bahnen.\n\nIhr Kundenservice Team der Rheinbahn",
  "clientData": {
    "vorname": "WolfgangNachnameParlings",
    "nachname": "Parlings",
    "anrede": ""
  }
}
[2025-02-04T07:24:12.180Z] [INFO] Starting message analysis:
{
  "userMessage": "Hallo. Es ist jetzt 15:27h und stehe an der Haltestelle Universität Südost. Gerade eben kam der Bus 835 Richtung Belsenplatz. Planmäßige Abfahrt 15:24. der daher fuhr langsamer, schaute kurz, machte aber keine Anstalten zu bremsen. Mein Winken wurde seinerseits mit undeutbaren Gesten erwidert. Dann gab er Gas. 5 weitere Fahrgäste und ich sahen uns ungläubig an, dessen was gerade passierte. Das kann so nicht sein. Wir müssen nun auf den nächsten Bus warten. Grüße, Wolfgang Parlings",
  "clientData": {}
}
[2025-02-04T07:24:13.030Z] [INFO] Classification result:
"ja"
[2025-02-04T07:24:13.030Z] [INFO] Text analysis results:
{
  "anonymized_text": "Hallo. Es ist jetzt 15:27h und stehe an der Haltestelle [ANON_ORGANISATION_1]. Gerade eben kam der Bus 835 Richtung [ANON_LOCATION_2]. Planmäßige Abfahrt [ANON_LOCATION_1] der daher fuhr langsamer, schaute kurz, machte aber keine Anstalten zu bremsen. [ANON_PERSON_2] wurde seinerseits mit undeutbaren Gesten erwidert. Dann gab er Gas. 5 weitere Fahrgäste und ich sahen uns ungläubig an, dessen was gerade passierte. Das kann so nicht sein. Wir müssen nun auf den nächsten Bus warten. Grüße, [ANON_PERSON_1]",
  "replacements": {
    "persons": [
      {
        "[ANON_PERSON_1]": "Wolfgang Parlings"
      },
      {
        "[ANON_PERSON_2]": "Mein Winken"
      }
    ],
    "locations": [
      {
        "[ANON_LOCATION_1]": "15:24."
      },
      {
        "[ANON_LOCATION_2]": "Belsenplatz"
      }
    ],
    "organisations": [
      {
        "[ANON_ORGANISATION_1]": "Universität Südost"
      }
    ],
    "dates": [],
    "times": []
  },
  "isComplaintAboutBeingLeftBehind": true
}
[2025-02-04T07:24:13.031Z] [INFO] Placeholder keys:
[
  "[ANON_PERSON_1]",
  "[ANON_PERSON_2]",
  "[ANON_LOCATION_1]",
  "[ANON_LOCATION_2]",
  "[ANON_ORGANISATION_1]"
]
[2025-02-04T07:24:30.584Z] [INFO] AI response generated successfully:
{
  "originalMessage": "Hallo. Es ist jetzt 15:27h und stehe an der Haltestelle Universität Südost. Gerade eben kam der Bus 835 Richtung Belsenplatz. Planmäßige Abfahrt 15:24. der daher fuhr langsamer, schaute kurz, machte aber keine Anstalten zu bremsen. Mein Winken wurde seinerseits mit undeutbaren Gesten erwidert. Dann gab er Gas. 5 weitere Fahrgäste und ich sahen uns ungläubig an, dessen was gerade passierte. Das kann so nicht sein. Wir müssen nun auf den nächsten Bus warten. Grüße, Wolfgang Parlings",
  "aiResponse": "vielen Dank für Ihre Nachricht und Ihre Geduld. Wir bedauern zutiefst, was Sie an der Haltestelle [ANON_ORGANISATION_1] um 15:27 Uhr erleben mussten. Es tut uns sehr leid, dass der Bus 835, der in Richtung [ANON_LOCATION_2] unterwegs war, ohne anzuhalten weiterfuhr, obwohl Sie und weitere Fahrgäste an der Haltestelle standen.\n\nSolche Vorfälle sind natürlich nicht in unserem Sinne, und wir verstehen Ihren Unmut darüber vollkommen. In einigen seltenen Fällen kann es vorkommen, dass ein Fahrer aufgrund einer vollen Besetzung oder technischer Probleme gezwungen ist, eine Haltestelle nicht zu bedienen. Wir möchten sicherstellen, dass unsere Fahrer alle Haltestellen regelmäßig und ordnungsgemäß anfahren, sobald Fahrgäste sichtbar warten.\n\nWir möchten Ihnen versichern, dass wir den Vorfall umgehend an den zuständigen Fachbereich weiterleiten werden, um entsprechende Maßnahmen zu ergreifen. Ihr Feedback ist für uns von großer Bedeutung, denn es hilft uns, unseren Service laufend zu verbessern. \n\nBitte entschuldigen Sie die Unannehmlichkeiten und die dadurch entstandene zusätzliche Wartezeit auf den nächsten Bus. Ihr Vertrauen in uns ist uns wichtig, und wir hoffen, dass Sie uns weiterhin die Chance geben, Ihre Fahrten so angenehm wie möglich zu gestalten.\n\nZukünftig wünschen wir Ihnen wieder eine unbeschwerte Fahrt mit unseren Bussen und Bahnen.\n\nIhr Kundenservice Team der Rheinbahn",
  "clientData": {}
}
[2025-02-04T07:24:30.585Z] [INFO] Final response prepared:
{
  "finalResponse": "vielen Dank für Ihre Nachricht und Ihre Geduld. Wir bedauern zutiefst, was Sie an der Haltestelle Universität Südost um 15:27 Uhr erleben mussten. Es tut uns sehr leid, dass der Bus 835, der in Richtung Belsenplatz unterwegs war, ohne anzuhalten weiterfuhr, obwohl Sie und weitere Fahrgäste an der Haltestelle standen.\n\nSolche Vorfälle sind natürlich nicht in unserem Sinne, und wir verstehen Ihren Unmut darüber vollkommen. In einigen seltenen Fällen kann es vorkommen, dass ein Fahrer aufgrund einer vollen Besetzung oder technischer Probleme gezwungen ist, eine Haltestelle nicht zu bedienen. Wir möchten sicherstellen, dass unsere Fahrer alle Haltestellen regelmäßig und ordnungsgemäß anfahren, sobald Fahrgäste sichtbar warten.\n\nWir möchten Ihnen versichern, dass wir den Vorfall umgehend an den zuständigen Fachbereich weiterleiten werden, um entsprechende Maßnahmen zu ergreifen. Ihr Feedback ist für uns von großer Bedeutung, denn es hilft uns, unseren Service laufend zu verbessern. \n\nBitte entschuldigen Sie die Unannehmlichkeiten und die dadurch entstandene zusätzliche Wartezeit auf den nächsten Bus. Ihr Vertrauen in uns ist uns wichtig, und wir hoffen, dass Sie uns weiterhin die Chance geben, Ihre Fahrten so angenehm wie möglich zu gestalten.\n\nZukünftig wünschen wir Ihnen wieder eine unbeschwerte Fahrt mit unseren Bussen und Bahnen.\n\nIhr Kundenservice Team der Rheinbahn",
  "clientData": {}
}
[2025-02-04T07:25:51.941Z] [INFO] Starting message analysis:
{
  "userMessage": "Hallo. Es ist jetzt 15:27h und stehe an der Haltestelle Universität Südost. Gerade eben kam der Bus 835 Richtung Belsenplatz. Planmäßige Abfahrt 15:24. der daher fuhr langsamer, schaute kurz, machte aber keine Anstalten zu bremsen. Mein Winken wurde seinerseits mit undeutbaren Gesten erwidert. Dann gab er Gas. 5 weitere Fahrgäste und ich sahen uns ungläubig an, dessen was gerade passierte. Das kann so nicht sein. Wir müssen nun auf den nächsten Bus warten. Grüße, Wolfgang Parlings",
  "clientData": {
    "vorname": "WolfgangNachnameParlings",
    "nachname": "Parlings",
    "anrede": ""
  }
}
[2025-02-04T07:25:52.922Z] [INFO] Classification result:
"ja"
[2025-02-04T07:25:52.922Z] [INFO] Text analysis results:
{
  "anonymized_text": "Hallo. Es ist jetzt 15:27h und stehe an der Haltestelle [ANON_ORGANISATION_1]. Gerade eben kam der Bus 835 Richtung [ANON_LOCATION_2]. Planmäßige Abfahrt [ANON_LOCATION_1] der daher fuhr langsamer, schaute kurz, machte aber keine Anstalten zu bremsen. [ANON_PERSON_2] wurde seinerseits mit undeutbaren Gesten erwidert. Dann gab er Gas. 5 weitere Fahrgäste und ich sahen uns ungläubig an, dessen was gerade passierte. Das kann so nicht sein. Wir müssen nun auf den nächsten Bus warten. Grüße, [ANON_PERSON_1]",
  "replacements": {
    "persons": [
      {
        "[ANON_PERSON_1]": "Wolfgang Parlings"
      },
      {
        "[ANON_PERSON_2]": "Mein Winken"
      }
    ],
    "locations": [
      {
        "[ANON_LOCATION_1]": "15:24."
      },
      {
        "[ANON_LOCATION_2]": "Belsenplatz"
      }
    ],
    "organisations": [
      {
        "[ANON_ORGANISATION_1]": "Universität Südost"
      }
    ],
    "dates": [],
    "times": []
  },
  "isComplaintAboutBeingLeftBehind": true
}
[2025-02-04T07:25:52.923Z] [INFO] Placeholder keys:
[
  "[ANON_PERSON_1]",
  "[ANON_PERSON_2]",
  "[ANON_LOCATION_1]",
  "[ANON_LOCATION_2]",
  "[ANON_ORGANISATION_1]"
]
[2025-02-04T07:26:17.144Z] [INFO] AI response generated successfully:
{
  "originalMessage": "Hallo. Es ist jetzt 15:27h und stehe an der Haltestelle Universität Südost. Gerade eben kam der Bus 835 Richtung Belsenplatz. Planmäßige Abfahrt 15:24. der daher fuhr langsamer, schaute kurz, machte aber keine Anstalten zu bremsen. Mein Winken wurde seinerseits mit undeutbaren Gesten erwidert. Dann gab er Gas. 5 weitere Fahrgäste und ich sahen uns ungläubig an, dessen was gerade passierte. Das kann so nicht sein. Wir müssen nun auf den nächsten Bus warten. Grüße, Wolfgang Parlings",
  "aiResponse": "Sehr geehrter [ANON_PERSON_1],\n\nvielen Dank für Ihre Nachricht und dass Sie uns über die Situation an der Haltestelle [ANON_ORGANISATION_1] informiert haben. Wir bedauern sehr, dass der Bus 835 in Richtung [ANON_LOCATION_2] offensichtlich ohne Halt weitergefahren ist und sowohl Sie als auch weitere Fahrgäste auf den nächsten Bus warten müssen. \n\nWir verstehen, dass dies zu erheblichem Unmut und Unannehmlichkeiten führt, da Sie ja getreu dem Fahrplan pünktlich zur planmäßigen Abfahrtszeit um [ANON_LOCATION_1] dort standen. Diese Situation ist so für unsere Fahrgäste absolut unbefriedigend und entspricht nicht unserem Servicegedanken. \n\nEs kann verschiedene Gründe geben, warum ein Fahrzeug eventuell nicht stoppt, sei es aus Sicherheitsgründen oder aufgrund eines Missverständnisses. In jedem Fall ist es unser Anspruch, unseren Fahrgästen einen komfortablen und verlässlichen Transport zu bieten. Ihre Schilderung über den Fahrer und die undeutbaren Gesten ist dabei besonders ernst zu nehmen, und wir werden dies intern prüfen lassen, um derartige Erfahrungen in der Zukunft zu vermeiden. \n\nIhre Rückmeldung ist uns sehr wichtig, und wir setzen alles daran, solche Vorfälle künftig zu verhindern. Unsere regelmäßigen Schulungen und Unterweisungen für das Fahrpersonal werden Ihr Anliegen aufgreifen, damit sich alle Mitarbeitenden der Bedeutung unseres Kundenservice noch bewusster sind.\n\nWir entschuldigen uns aufrichtig für die entstandene Wartezeit und diesen unerwarteten Vorfall. Bitte tragen Sie uns die von Ihnen erlebte Situation nicht länger nach und bleiben Sie uns gewogen.\n\nZukünftig wünschen wir Ihnen wieder eine unbeschwerte Fahrt mit unseren Bussen und Bahnen.\n\nIhr Kundenservice Team der Rheinbahn",
  "clientData": {
    "vorname": "WolfgangNachnameParlings",
    "nachname": "Parlings",
    "anrede": ""
  }
}
[2025-02-04T07:26:17.145Z] [INFO] Final response prepared:
{
  "finalResponse": "Sehr geehrter Wolfgang Parlings,\n\nvielen Dank für Ihre Nachricht und dass Sie uns über die Situation an der Haltestelle Universität Südost informiert haben. Wir bedauern sehr, dass der Bus 835 in Richtung Belsenplatz offensichtlich ohne Halt weitergefahren ist und sowohl Sie als auch weitere Fahrgäste auf den nächsten Bus warten müssen. \n\nWir verstehen, dass dies zu erheblichem Unmut und Unannehmlichkeiten führt, da Sie ja getreu dem Fahrplan pünktlich zur planmäßigen Abfahrtszeit um 15:24. dort standen. Diese Situation ist so für unsere Fahrgäste absolut unbefriedigend und entspricht nicht unserem Servicegedanken. \n\nEs kann verschiedene Gründe geben, warum ein Fahrzeug eventuell nicht stoppt, sei es aus Sicherheitsgründen oder aufgrund eines Missverständnisses. In jedem Fall ist es unser Anspruch, unseren Fahrgästen einen komfortablen und verlässlichen Transport zu bieten. Ihre Schilderung über den Fahrer und die undeutbaren Gesten ist dabei besonders ernst zu nehmen, und wir werden dies intern prüfen lassen, um derartige Erfahrungen in der Zukunft zu vermeiden. \n\nIhre Rückmeldung ist uns sehr wichtig, und wir setzen alles daran, solche Vorfälle künftig zu verhindern. Unsere regelmäßigen Schulungen und Unterweisungen für das Fahrpersonal werden Ihr Anliegen aufgreifen, damit sich alle Mitarbeitenden der Bedeutung unseres Kundenservice noch bewusster sind.\n\nWir entschuldigen uns aufrichtig für die entstandene Wartezeit und diesen unerwarteten Vorfall. Bitte tragen Sie uns die von Ihnen erlebte Situation nicht länger nach und bleiben Sie uns gewogen.\n\nZukünftig wünschen wir Ihnen wieder eine unbeschwerte Fahrt mit unseren Bussen und Bahnen.\n\nIhr Kundenservice Team der Rheinbahn",
  "clientData": {
    "vorname": "WolfgangNachnameParlings",
    "nachname": "Parlings",
    "anrede": ""
  }
}
[2025-02-04T07:27:01.638Z] [INFO] Starting message analysis:
{
  "userMessage": "Hallo. Es ist jetzt 15:27h und stehe an der Haltestelle Universität Südost. Gerade eben kam der Bus 835 Richtung Belsenplatz. Planmäßige Abfahrt 15:24. der daher fuhr langsamer, schaute kurz, machte aber keine Anstalten zu bremsen. Mein Winken wurde seinerseits mit undeutbaren Gesten erwidert. Dann gab er Gas. 5 weitere Fahrgäste und ich sahen uns ungläubig an, dessen was gerade passierte. Das kann so nicht sein. Wir müssen nun auf den nächsten Bus warten. Grüße, Wolfgang Parlings",
  "clientData": {
    "vorname": "WolfgangNachnameParlings",
    "nachname": "Parlings",
    "anrede": ""
  }
}
[2025-02-04T07:27:02.719Z] [INFO] Classification result:
"ja"
[2025-02-04T07:27:02.719Z] [INFO] Text analysis results:
{
  "anonymized_text": "Hallo. Es ist jetzt 15:27h und stehe an der Haltestelle [ANON_ORGANISATION_1]. Gerade eben kam der Bus 835 Richtung [ANON_LOCATION_2]. Planmäßige Abfahrt [ANON_LOCATION_1] der daher fuhr langsamer, schaute kurz, machte aber keine Anstalten zu bremsen. [ANON_PERSON_2] wurde seinerseits mit undeutbaren Gesten erwidert. Dann gab er Gas. 5 weitere Fahrgäste und ich sahen uns ungläubig an, dessen was gerade passierte. Das kann so nicht sein. Wir müssen nun auf den nächsten Bus warten. Grüße, [ANON_PERSON_1]",
  "replacements": {
    "persons": [
      {
        "[ANON_PERSON_1]": "Wolfgang Parlings"
      },
      {
        "[ANON_PERSON_2]": "Mein Winken"
      }
    ],
    "locations": [
      {
        "[ANON_LOCATION_1]": "15:24."
      },
      {
        "[ANON_LOCATION_2]": "Belsenplatz"
      }
    ],
    "organisations": [
      {
        "[ANON_ORGANISATION_1]": "Universität Südost"
      }
    ],
    "dates": [],
    "times": []
  },
  "isComplaintAboutBeingLeftBehind": true
}
[2025-02-04T07:27:02.719Z] [INFO] Placeholder keys:
[
  "[ANON_PERSON_1]",
  "[ANON_PERSON_2]",
  "[ANON_LOCATION_1]",
  "[ANON_LOCATION_2]",
  "[ANON_ORGANISATION_1]"
]
[2025-02-04T07:27:17.144Z] [INFO] AI response generated successfully:
{
  "originalMessage": "Hallo. Es ist jetzt 15:27h und stehe an der Haltestelle Universität Südost. Gerade eben kam der Bus 835 Richtung Belsenplatz. Planmäßige Abfahrt 15:24. der daher fuhr langsamer, schaute kurz, machte aber keine Anstalten zu bremsen. Mein Winken wurde seinerseits mit undeutbaren Gesten erwidert. Dann gab er Gas. 5 weitere Fahrgäste und ich sahen uns ungläubig an, dessen was gerade passierte. Das kann so nicht sein. Wir müssen nun auf den nächsten Bus warten. Grüße, Wolfgang Parlings",
  "aiResponse": "Hallo [ANON_PERSON_1],\n\nvielen Dank, dass Sie sich die Zeit genommen haben, uns über Ihre Erfahrung mit dem Bus 835 Richtung [ANON_LOCATION_2] an der Haltestelle [ANON_ORGANISATION_1] um 15:27 Uhr zu informieren. Ich verstehe, dass es äußerst frustrierend sein muss, am Straßenrand zu stehen und zu erleben, dass der Bus nicht wie erwartet hält.\n\nEs tut uns leid, dass der Busfahrer keine Anstalten machte, zu bremsen und Sie sowie fünf weitere Fahrgäste ungläubig zurückließ. Solche Situationen sollten nicht vorkommen, und wir arbeiten kontinuierlich daran, unseren Service zu verbessern. Mögliche Gründe für dieses Verhalten können von einem Missverständnis seitens des Fahrers bis zu operativen Anweisungen reichen. \n\nWir werden diesen Vorfall intern aufnehmen und dazu beitragen, dass unsere Fahrerinnen und Fahrer weiter sensibilisiert werden, um sicherzustellen, dass Fahrgäste an jeder Haltestelle zuverlässig aufgenommen werden. Ihre Rückmeldung hilft uns dabei, solche Vorfälle in Zukunft zu vermeiden.\n\nWir entschuldigen uns aufrichtig für die Unannehmlichkeiten und die dadurch verursachte Verzögerung, die Ihnen entstanden ist. Wir sind stets bestrebt, unseren Service zu optimieren und hoffen, dass Sie uns noch eine Chance geben.\n\nBitte tragen Sie uns die von Ihnen erlebte Situation nicht länger nach und bleiben Sie uns gewogen.\n\nIhr Kundenservice Team der Rheinbahn",
  "clientData": {
    "vorname": "WolfgangNachnameParlings",
    "nachname": "Parlings",
    "anrede": ""
  }
}
[2025-02-04T07:27:17.145Z] [INFO] Final response prepared:
{
  "finalResponse": "Hallo Wolfgang Parlings,\n\nvielen Dank, dass Sie sich die Zeit genommen haben, uns über Ihre Erfahrung mit dem Bus 835 Richtung Belsenplatz an der Haltestelle Universität Südost um 15:27 Uhr zu informieren. Ich verstehe, dass es äußerst frustrierend sein muss, am Straßenrand zu stehen und zu erleben, dass der Bus nicht wie erwartet hält.\n\nEs tut uns leid, dass der Busfahrer keine Anstalten machte, zu bremsen und Sie sowie fünf weitere Fahrgäste ungläubig zurückließ. Solche Situationen sollten nicht vorkommen, und wir arbeiten kontinuierlich daran, unseren Service zu verbessern. Mögliche Gründe für dieses Verhalten können von einem Missverständnis seitens des Fahrers bis zu operativen Anweisungen reichen. \n\nWir werden diesen Vorfall intern aufnehmen und dazu beitragen, dass unsere Fahrerinnen und Fahrer weiter sensibilisiert werden, um sicherzustellen, dass Fahrgäste an jeder Haltestelle zuverlässig aufgenommen werden. Ihre Rückmeldung hilft uns dabei, solche Vorfälle in Zukunft zu vermeiden.\n\nWir entschuldigen uns aufrichtig für die Unannehmlichkeiten und die dadurch verursachte Verzögerung, die Ihnen entstanden ist. Wir sind stets bestrebt, unseren Service zu optimieren und hoffen, dass Sie uns noch eine Chance geben.\n\nBitte tragen Sie uns die von Ihnen erlebte Situation nicht länger nach und bleiben Sie uns gewogen.\n\nIhr Kundenservice Team der Rheinbahn",
  "clientData": {
    "vorname": "WolfgangNachnameParlings",
    "nachname": "Parlings",
    "anrede": ""
  }
}
[2025-02-04T07:28:07.657Z] [INFO] Starting message analysis:
{
  "userMessage": "Hallo. Es ist jetzt 15:27h und stehe an der Haltestelle Universität Südost. Gerade eben kam der Bus 835 Richtung Belsenplatz. Planmäßige Abfahrt 15:24. der daher fuhr langsamer, schaute kurz, machte aber keine Anstalten zu bremsen. Mein Winken wurde seinerseits mit undeutbaren Gesten erwidert. Dann gab er Gas. 5 weitere Fahrgäste und ich sahen uns ungläubig an, dessen was gerade passierte. Das kann so nicht sein. Wir müssen nun auf den nächsten Bus warten. Grüße, Wolfgang Parlings",
  "clientData": {
    "vorname": "WolfgangNachnameParlings",
    "nachname": "Parlings",
    "anrede": ""
  }
}
[2025-02-04T07:28:08.542Z] [INFO] Classification result:
"ja"
[2025-02-04T07:28:08.542Z] [INFO] Text analysis results:
{
  "anonymized_text": "Hallo. Es ist jetzt 15:27h und stehe an der Haltestelle [ANON_ORGANISATION_1]. Gerade eben kam der Bus 835 Richtung [ANON_LOCATION_2]. Planmäßige Abfahrt [ANON_LOCATION_1] der daher fuhr langsamer, schaute kurz, machte aber keine Anstalten zu bremsen. [ANON_PERSON_2] wurde seinerseits mit undeutbaren Gesten erwidert. Dann gab er Gas. 5 weitere Fahrgäste und ich sahen uns ungläubig an, dessen was gerade passierte. Das kann so nicht sein. Wir müssen nun auf den nächsten Bus warten. Grüße, [ANON_PERSON_1]",
  "replacements": {
    "persons": [
      {
        "[ANON_PERSON_1]": "Wolfgang Parlings"
      },
      {
        "[ANON_PERSON_2]": "Mein Winken"
      }
    ],
    "locations": [
      {
        "[ANON_LOCATION_1]": "15:24."
      },
      {
        "[ANON_LOCATION_2]": "Belsenplatz"
      }
    ],
    "organisations": [
      {
        "[ANON_ORGANISATION_1]": "Universität Südost"
      }
    ],
    "dates": [],
    "times": []
  },
  "isComplaintAboutBeingLeftBehind": true
}
[2025-02-04T07:28:08.543Z] [INFO] Placeholder keys:
[
  "[ANON_PERSON_1]",
  "[ANON_PERSON_2]",
  "[ANON_LOCATION_1]",
  "[ANON_LOCATION_2]",
  "[ANON_ORGANISATION_1]"
]
[2025-02-04T07:29:03.532Z] [INFO] AI response generated successfully:
{
  "originalMessage": "Hallo. Es ist jetzt 15:27h und stehe an der Haltestelle Universität Südost. Gerade eben kam der Bus 835 Richtung Belsenplatz. Planmäßige Abfahrt 15:24. der daher fuhr langsamer, schaute kurz, machte aber keine Anstalten zu bremsen. Mein Winken wurde seinerseits mit undeutbaren Gesten erwidert. Dann gab er Gas. 5 weitere Fahrgäste und ich sahen uns ungläubig an, dessen was gerade passierte. Das kann so nicht sein. Wir müssen nun auf den nächsten Bus warten. Grüße, Wolfgang Parlings",
  "aiResponse": "Lieber [ANON_PERSON_1],\n\nvielen Dank, dass Sie sich Zeit genommen haben, uns über Ihre Erfahrung mit der Buslinie 835 zu berichten. Es tut uns sehr leid zu hören, dass Sie am [ANON_ORGANISATION_1] um 15:27 Uhr am 06. August  stehen gelassen wurden, während der Bus in Richtung [ANON_LOCATION_2] fuhr. Solche Ereignisse entsprechen keineswegs unseren Standards und sind sicherlich ärgerlich für Sie und die anderen fünf Fahrgäste vor Ort.\n\nEs gibt mehrere Gründe, warum ein Busfahrer eine Haltestelle möglicherweise nicht bedient. Dazu gehört unter anderem, dass das Fahrzeug wegen technischer Probleme schnell in den Betriebshof zurückkehren muss oder der Fahrer einen besonderen Betriebsbefehl hatte, der ersten Begegnung aber zu Missverständnissen führte. In manchen Fällen sind auch äußere Einflüsse möglich, wie etwa Baustellen oder kurzfristige Verkehrsbehinderungen. \n\nGanz gleich, was der Grund in Ihrem Fall war, wir verstehen, dass die dadurch entstandene Wartezeit für Sie und die weiteren Fahrgäste äußerst unangenehm war. Ihre Beobachtung, dass der Fahrer kurz langsamer wurde, lässt vermuten, dass es sich hier möglicherweise um eine unerklärliche Abweichung handelte, die wir definitiv nachverfolgen werden.\n\nWir werden Ihr Anliegen auf jeden Fall in unserem Team besprechen, damit sich solch ein Vorfall möglichst nicht wiederholt. Ihr Feedback ist für uns sehr wichtig, um die Qualität unseres Service kontinuierlich zu verbessern.\n\nWir danken Ihnen noch einmal für Ihre Rückmeldung und möchten uns für den entstandenen Unannehmlichkeiten herzlich entschuldigen. Zukünftig wünschen wir Ihnen wieder eine unbeschwerte Fahrt mit unseren Bussen und Bahnen.\n\nIhr Kundenservice Team der Rheinbahn",
  "clientData": {
    "vorname": "WolfgangNachnameParlings",
    "nachname": "Parlings",
    "anrede": ""
  }
}
[2025-02-04T07:29:03.533Z] [INFO] Final response prepared:
{
  "finalResponse": "Lieber Wolfgang Parlings,\n\nvielen Dank, dass Sie sich Zeit genommen haben, uns über Ihre Erfahrung mit der Buslinie 835 zu berichten. Es tut uns sehr leid zu hören, dass Sie am Universität Südost um 15:27 Uhr am 06. August  stehen gelassen wurden, während der Bus in Richtung Belsenplatz fuhr. Solche Ereignisse entsprechen keineswegs unseren Standards und sind sicherlich ärgerlich für Sie und die anderen fünf Fahrgäste vor Ort.\n\nEs gibt mehrere Gründe, warum ein Busfahrer eine Haltestelle möglicherweise nicht bedient. Dazu gehört unter anderem, dass das Fahrzeug wegen technischer Probleme schnell in den Betriebshof zurückkehren muss oder der Fahrer einen besonderen Betriebsbefehl hatte, der ersten Begegnung aber zu Missverständnissen führte. In manchen Fällen sind auch äußere Einflüsse möglich, wie etwa Baustellen oder kurzfristige Verkehrsbehinderungen. \n\nGanz gleich, was der Grund in Ihrem Fall war, wir verstehen, dass die dadurch entstandene Wartezeit für Sie und die weiteren Fahrgäste äußerst unangenehm war. Ihre Beobachtung, dass der Fahrer kurz langsamer wurde, lässt vermuten, dass es sich hier möglicherweise um eine unerklärliche Abweichung handelte, die wir definitiv nachverfolgen werden.\n\nWir werden Ihr Anliegen auf jeden Fall in unserem Team besprechen, damit sich solch ein Vorfall möglichst nicht wiederholt. Ihr Feedback ist für uns sehr wichtig, um die Qualität unseres Service kontinuierlich zu verbessern.\n\nWir danken Ihnen noch einmal für Ihre Rückmeldung und möchten uns für den entstandenen Unannehmlichkeiten herzlich entschuldigen. Zukünftig wünschen wir Ihnen wieder eine unbeschwerte Fahrt mit unseren Bussen und Bahnen.\n\nIhr Kundenservice Team der Rheinbahn",
  "clientData": {
    "vorname": "WolfgangNachnameParlings",
    "nachname": "Parlings",
    "anrede": ""
  }
}
